Jul-07 09:06:11.114 [main] DEBUG nextflow.cli.Launcher - $> nextflow kuberun hello -v 'nfs-pvc:/mount/pvc'
Jul-07 09:06:11.255 [main] DEBUG nextflow.scm.AssetManager - Listing projects in folder: /home/ubuntu/.nextflow/assets
Jul-07 09:06:11.691 [main] DEBUG nextflow.scm.AssetManager - Git config: /home/ubuntu/.nextflow/assets/nextflow-io/hello/.git/config; branch: master; remote: origin; url: https://github.com/nextflow-io/hello.git
Jul-07 09:06:11.703 [main] DEBUG nextflow.scm.AssetManager - Git config: /home/ubuntu/.nextflow/assets/nextflow-io/hello/.git/config; branch: master; remote: origin; url: https://github.com/nextflow-io/hello.git
Jul-07 09:06:11.711 [main] DEBUG nextflow.config.ConfigBuilder - User config file: /home/ubuntu/.nextflow/assets/nextflow-io/hello/nextflow.config
Jul-07 09:06:11.711 [main] DEBUG nextflow.config.ConfigBuilder - Parsing config file: /home/ubuntu/.nextflow/assets/nextflow-io/hello/nextflow.config
Jul-07 09:06:11.718 [main] DEBUG nextflow.config.ConfigBuilder - Applying config profile: `standard`
Jul-07 09:06:11.882 [main] DEBUG nextflow.k8s.K8sConfig - Kubernetes workDir=/mount/pvc/ubuntu/work; projectDir=/mount/pvc/projects; volumeClaims=[nfs-pvc]
Jul-07 09:06:12.241 [main] DEBUG nextflow.k8s.K8sDriverLauncher - Created K8s configMap with name: nf-config-2283652e
Jul-07 09:17:04.933 [main] ERROR nextflow.cli.Launcher - @unknown
nextflow.k8s.client.K8sResponseException: Request GET /api/v1/namespaces/default/pods/nice-davinci/log?follow=true returned an error code=400

  {
      "kind": "Status",
      "apiVersion": "v1",
      "metadata": {
          
      },
      "status": "Failure",
      "message": "container \"nice-davinci\" in pod \"nice-davinci\" is terminated",
      "reason": "BadRequest",
      "code": 400
  }

	at nextflow.k8s.client.K8sClient.makeRequest(K8sClient.groovy:369)
	at nextflow.k8s.client.K8sClient.makeRequest(K8sClient.groovy)
	at nextflow.k8s.client.K8sClient.get(K8sClient.groovy:378)
	at nextflow.k8s.client.K8sClient.podLog(K8sClient.groovy:302)
	at nextflow.k8s.client.K8sClient$podLog$2.call(Unknown Source)
	at org.codehaus.groovy.runtime.callsite.CallSiteArray.defaultCall(CallSiteArray.java:47)
	at org.codehaus.groovy.runtime.callsite.AbstractCallSite.call(AbstractCallSite.java:115)
	at org.codehaus.groovy.runtime.callsite.AbstractCallSite.call(AbstractCallSite.java:135)
	at nextflow.k8s.K8sDriverLauncher.printK8sPodOutput(K8sDriverLauncher.groovy:204)
	at nextflow.k8s.K8sDriverLauncher.run(K8sDriverLauncher.groovy:131)
	at nextflow.cli.CmdKubeRun.run(CmdKubeRun.groovy:74)
	at nextflow.cli.Launcher.run(Launcher.groovy:460)
	at nextflow.cli.Launcher.main(Launcher.groovy:642)
